0 info it worked if it ends with ok
1 verbose cli [ 'C:\\Program Files\\nodejs\\\\node.exe',
1 verbose cli   'C:\\Program Files\\nodejs\\node_modules\\npm\\bin\\npm-cli.js',
1 verbose cli   'pack' ]
2 info using npm@1.2.11
3 info using node@v0.8.21
4 verbose node symlink C:\Program Files\nodejs\\node.exe
5 verbose cache add [ '.', null ]
6 verbose cache add name=undefined spec="." args=[".",null]
7 verbose parsed url { pathname: '.', path: '.', href: '.' }
8 silly lockFile 3a52ce78- .
9 verbose lock . C:\Users\alexa_000\AppData\Roaming\npm-cache\3a52ce78-.lock
10 verbose read json package.json
11 silly lockFile 3a52ce78- .
12 silly lockFile 3a52ce78- .
13 error addLocal Could not install .
14 error Error: ENOENT, open 'C:\Development\Projects\edge-registery\package.json'
15 error If you need help, you may report this log at:
15 error     <http://github.com/isaacs/npm/issues>
15 error or email it to:
15 error     <npm-@googlegroups.com>
16 error System Windows_NT 6.2.9200
17 error command "C:\\Program Files\\nodejs\\\\node.exe" "C:\\Program Files\\nodejs\\node_modules\\npm\\bin\\npm-cli.js" "pack"
18 error cwd C:\Development\Projects\edge-registery
19 error node -v v0.8.21
20 error npm -v 1.2.11
21 error path C:\Development\Projects\edge-registery\package.json
22 error code ENOENT
23 error errno 34
24 verbose exit [ 34, true ]
